<?xml version="1.0" encoding="UTF-8"?>
<testsuite name="cc.nkbr.lanzouplus.ToolPagePreviewTest" tests="108" skipped="0" failures="0" errors="0" timestamp="2026-09-10T23:19:44.997Z" hostname="DESKTOP-75F7671" time="9.598">
  <properties/>
  <testcase name="renderToolPage[__list__-nova]" classname="cc.nkbr.lanzouplus.ToolPagePreviewTest" time="0.185"/>
  <testcase name="renderToolPage[__list__-legacy]" classname="cc.nkbr.lanzouplus.ToolPagePreviewTest" time="0.161"/>
  <testcase name="renderToolPage[__list__-apple]" classname="cc.nkbr.lanzouplus.ToolPagePreviewTest" time="0.173"/>
  <testcase name="renderToolPage[calculator-nova]" classname="cc.nkbr.lanzouplus.ToolPagePreviewTest" time="0.105"/>
  <testcase name="renderToolPage[calculator-legacy]" classname="cc.nkbr.lanzouplus.ToolPagePreviewTest" time="0.098"/>
  <testcase name="renderToolPage[calculator-apple]" classname="cc.nkbr.lanzouplus.ToolPagePreviewTest" time="0.111"/>
  <testcase name="renderToolPage[unit-nova]" classname="cc.nkbr.lanzouplus.ToolPagePreviewTest" time="0.112"/>
  <testcase name="renderToolPage[unit-legacy]" classname="cc.nkbr.lanzouplus.ToolPagePreviewTest" time="0.108"/>
  <testcase name="renderToolPage[unit-apple]" classname="cc.nkbr.lanzouplus.ToolPagePreviewTest" time="0.106"/>
  <testcase name="renderToolPage[datecalc-nova]" classname="cc.nkbr.lanzouplus.ToolPagePreviewTest" time="0.1"/>
  <testcase name="renderToolPage[datecalc-legacy]" classname="cc.nkbr.lanzouplus.ToolPagePreviewTest" time="0.122"/>
  <testcase name="renderToolPage[datecalc-apple]" classname="cc.nkbr.lanzouplus.ToolPagePreviewTest" time="0.095"/>
  <testcase name="renderToolPage[decision-nova]" classname="cc.nkbr.lanzouplus.ToolPagePreviewTest" time="0.083"/>
  <testcase name="renderToolPage[decision-legacy]" classname="cc.nkbr.lanzouplus.ToolPagePreviewTest" time="0.09"/>
  <testcase name="renderToolPage[decision-apple]" classname="cc.nkbr.lanzouplus.ToolPagePreviewTest" time="0.089"/>
  <testcase name="renderToolPage[scorecard-nova]" classname="cc.nkbr.lanzouplus.ToolPagePreviewTest" time="0.084"/>
  <testcase name="renderToolPage[scorecard-legacy]" classname="cc.nkbr.lanzouplus.ToolPagePreviewTest" time="0.078"/>
  <testcase name="renderToolPage[scorecard-apple]" classname="cc.nkbr.lanzouplus.ToolPagePreviewTest" time="0.067"/>
  <testcase name="renderToolPage[calendar-nova]" classname="cc.nkbr.lanzouplus.ToolPagePreviewTest" time="0.124"/>
  <testcase name="renderToolPage[calendar-legacy]" classname="cc.nkbr.lanzouplus.ToolPagePreviewTest" time="0.115"/>
  <testcase name="renderToolPage[calendar-apple]" classname="cc.nkbr.lanzouplus.ToolPagePreviewTest" time="0.11"/>
  <testcase name="renderToolPage[randomnum-nova]" classname="cc.nkbr.lanzouplus.ToolPagePreviewTest" time="0.114"/>
  <testcase name="renderToolPage[randomnum-legacy]" classname="cc.nkbr.lanzouplus.ToolPagePreviewTest" time="0.097"/>
  <testcase name="renderToolPage[randomnum-apple]" classname="cc.nkbr.lanzouplus.ToolPagePreviewTest" time="0.102"/>
  <testcase name="renderToolPage[text_stats-nova]" classname="cc.nkbr.lanzouplus.ToolPagePreviewTest" time="0.087"/>
  <testcase name="renderToolPage[text_stats-legacy]" classname="cc.nkbr.lanzouplus.ToolPagePreviewTest" time="0.091"/>
  <testcase name="renderToolPage[text_stats-apple]" classname="cc.nkbr.lanzouplus.ToolPagePreviewTest" time="0.078"/>
  <testcase name="renderToolPage[base64-nova]" classname="cc.nkbr.lanzouplus.ToolPagePreviewTest" time="0.094"/>
  <testcase name="renderToolPage[base64-legacy]" classname="cc.nkbr.lanzouplus.ToolPagePreviewTest" time="0.074"/>
  <testcase name="renderToolPage[base64-apple]" classname="cc.nkbr.lanzouplus.ToolPagePreviewTest" time="0.074"/>
  <testcase name="renderToolPage[url_codec-nova]" classname="cc.nkbr.lanzouplus.ToolPagePreviewTest" time="0.09"/>
  <testcase name="renderToolPage[url_codec-legacy]" classname="cc.nkbr.lanzouplus.ToolPagePreviewTest" time="0.086"/>
  <testcase name="renderToolPage[url_codec-apple]" classname="cc.nkbr.lanzouplus.ToolPagePreviewTest" time="0.078"/>
  <testcase name="renderToolPage[hash-nova]" classname="cc.nkbr.lanzouplus.ToolPagePreviewTest" time="0.08"/>
  <testcase name="renderToolPage[hash-legacy]" classname="cc.nkbr.lanzouplus.ToolPagePreviewTest" time="0.072"/>
  <testcase name="renderToolPage[hash-apple]" classname="cc.nkbr.lanzouplus.ToolPagePreviewTest" time="0.078"/>
  <testcase name="renderToolPage[json-nova]" classname="cc.nkbr.lanzouplus.ToolPagePreviewTest" time="0.09"/>
  <testcase name="renderToolPage[json-legacy]" classname="cc.nkbr.lanzouplus.ToolPagePreviewTest" time="0.078"/>
  <testcase name="renderToolPage[json-apple]" classname="cc.nkbr.lanzouplus.ToolPagePreviewTest" time="0.076"/>
  <testcase name="renderToolPage[regex-nova]" classname="cc.nkbr.lanzouplus.ToolPagePreviewTest" time="0.082"/>
  <testcase name="renderToolPage[regex-legacy]" classname="cc.nkbr.lanzouplus.ToolPagePreviewTest" time="0.082"/>
  <testcase name="renderToolPage[regex-apple]" classname="cc.nkbr.lanzouplus.ToolPagePreviewTest" time="0.076"/>
  <testcase name="renderToolPage[password-nova]" classname="cc.nkbr.lanzouplus.ToolPagePreviewTest" time="0.111"/>
  <testcase name="renderToolPage[password-legacy]" classname="cc.nkbr.lanzouplus.ToolPagePreviewTest" time="0.11"/>
  <testcase name="renderToolPage[password-apple]" classname="cc.nkbr.lanzouplus.ToolPagePreviewTest" time="0.095"/>
  <testcase name="renderToolPage[uuid-nova]" classname="cc.nkbr.lanzouplus.ToolPagePreviewTest" time="0.07"/>
  <testcase name="renderToolPage[uuid-legacy]" classname="cc.nkbr.lanzouplus.ToolPagePreviewTest" time="0.068"/>
  <testcase name="renderToolPage[uuid-apple]" classname="cc.nkbr.lanzouplus.ToolPagePreviewTest" time="0.082"/>
  <testcase name="renderToolPage[img_compress-nova]" classname="cc.nkbr.lanzouplus.ToolPagePreviewTest" time="0.082"/>
  <testcase name="renderToolPage[img_compress-legacy]" classname="cc.nkbr.lanzouplus.ToolPagePreviewTest" time="0.075"/>
  <testcase name="renderToolPage[img_compress-apple]" classname="cc.nkbr.lanzouplus.ToolPagePreviewTest" time="0.072"/>
  <testcase name="renderToolPage[sketch-nova]" classname="cc.nkbr.lanzouplus.ToolPagePreviewTest" time="0.063"/>
  <testcase name="renderToolPage[sketch-legacy]" classname="cc.nkbr.lanzouplus.ToolPagePreviewTest" time="0.067"/>
  <testcase name="renderToolPage[sketch-apple]" classname="cc.nkbr.lanzouplus.ToolPagePreviewTest" time="0.064"/>
  <testcase name="renderToolPage[deviceinfo-nova]" classname="cc.nkbr.lanzouplus.ToolPagePreviewTest" time="0.151"/>
  <testcase name="renderToolPage[deviceinfo-legacy]" classname="cc.nkbr.lanzouplus.ToolPagePreviewTest" time="0.134"/>
  <testcase name="renderToolPage[deviceinfo-apple]" classname="cc.nkbr.lanzouplus.ToolPagePreviewTest" time="0.141"/>
  <testcase name="renderToolPage[screen_test-nova]" classname="cc.nkbr.lanzouplus.ToolPagePreviewTest" time="0.074"/>
  <testcase name="renderToolPage[screen_test-legacy]" classname="cc.nkbr.lanzouplus.ToolPagePreviewTest" time="0.073"/>
  <testcase name="renderToolPage[screen_test-apple]" classname="cc.nkbr.lanzouplus.ToolPagePreviewTest" time="0.071"/>
  <testcase name="renderToolPage[ruler-nova]" classname="cc.nkbr.lanzouplus.ToolPagePreviewTest" time="0.059"/>
  <testcase name="renderToolPage[ruler-legacy]" classname="cc.nkbr.lanzouplus.ToolPagePreviewTest" time="0.056"/>
  <testcase name="renderToolPage[ruler-apple]" classname="cc.nkbr.lanzouplus.ToolPagePreviewTest" time="0.071"/>
  <testcase name="renderToolPage[torch-nova]" classname="cc.nkbr.lanzouplus.ToolPagePreviewTest" time="0.077"/>
  <testcase name="renderToolPage[torch-legacy]" classname="cc.nkbr.lanzouplus.ToolPagePreviewTest" time="0.08"/>
  <testcase name="renderToolPage[torch-apple]" classname="cc.nkbr.lanzouplus.ToolPagePreviewTest" time="0.079"/>
  <testcase name="renderToolPage[noise-nova]" classname="cc.nkbr.lanzouplus.ToolPagePreviewTest" time="0.081"/>
  <testcase name="renderToolPage[noise-legacy]" classname="cc.nkbr.lanzouplus.ToolPagePreviewTest" time="0.079"/>
  <testcase name="renderToolPage[noise-apple]" classname="cc.nkbr.lanzouplus.ToolPagePreviewTest" time="0.079"/>
  <testcase name="renderToolPage[tts-nova]" classname="cc.nkbr.lanzouplus.ToolPagePreviewTest" time="0.084"/>
  <testcase name="renderToolPage[tts-legacy]" classname="cc.nkbr.lanzouplus.ToolPagePreviewTest" time="0.086"/>
  <testcase name="renderToolPage[tts-apple]" classname="cc.nkbr.lanzouplus.ToolPagePreviewTest" time="0.083"/>
  <testcase name="renderToolPage[zodiac-nova]" classname="cc.nkbr.lanzouplus.ToolPagePreviewTest" time="0.091"/>
  <testcase name="renderToolPage[zodiac-legacy]" classname="cc.nkbr.lanzouplus.ToolPagePreviewTest" time="0.089"/>
  <testcase name="renderToolPage[zodiac-apple]" classname="cc.nkbr.lanzouplus.ToolPagePreviewTest" time="0.081"/>
  <testcase name="renderToolPage[idcard-nova]" classname="cc.nkbr.lanzouplus.ToolPagePreviewTest" time="0.083"/>
  <testcase name="renderToolPage[idcard-legacy]" classname="cc.nkbr.lanzouplus.ToolPagePreviewTest" time="0.087"/>
  <testcase name="renderToolPage[idcard-apple]" classname="cc.nkbr.lanzouplus.ToolPagePreviewTest" time="0.082"/>
  <testcase name="renderToolPage[agecalc-nova]" classname="cc.nkbr.lanzouplus.ToolPagePreviewTest" time="0.082"/>
  <testcase name="renderToolPage[agecalc-legacy]" classname="cc.nkbr.lanzouplus.ToolPagePreviewTest" time="0.081"/>
  <testcase name="renderToolPage[agecalc-apple]" classname="cc.nkbr.lanzouplus.ToolPagePreviewTest" time="0.082"/>
  <testcase name="renderToolPage[bmi-nova]" classname="cc.nkbr.lanzouplus.ToolPagePreviewTest" time="0.089"/>
  <testcase name="renderToolPage[bmi-legacy]" classname="cc.nkbr.lanzouplus.ToolPagePreviewTest" time="0.099"/>
  <testcase name="renderToolPage[bmi-apple]" classname="cc.nkbr.lanzouplus.ToolPagePreviewTest" time="0.091"/>
  <testcase name="renderToolPage[level-nova]" classname="cc.nkbr.lanzouplus.ToolPagePreviewTest" time="0.072"/>
  <testcase name="renderToolPage[level-legacy]" classname="cc.nkbr.lanzouplus.ToolPagePreviewTest" time="0.074"/>
  <testcase name="renderToolPage[level-apple]" classname="cc.nkbr.lanzouplus.ToolPagePreviewTest" time="0.069"/>
  <testcase name="renderToolPage[stopwatch-nova]" classname="cc.nkbr.lanzouplus.ToolPagePreviewTest" time="0.092"/>
  <testcase name="renderToolPage[stopwatch-legacy]" classname="cc.nkbr.lanzouplus.ToolPagePreviewTest" time="0.096"/>
  <testcase name="renderToolPage[stopwatch-apple]" classname="cc.nkbr.lanzouplus.ToolPagePreviewTest" time="0.089"/>
  <testcase name="renderToolPage[timestamp-nova]" classname="cc.nkbr.lanzouplus.ToolPagePreviewTest" time="0.092"/>
  <testcase name="renderToolPage[timestamp-legacy]" classname="cc.nkbr.lanzouplus.ToolPagePreviewTest" time="0.094"/>
  <testcase name="renderToolPage[timestamp-apple]" classname="cc.nkbr.lanzouplus.ToolPagePreviewTest" time="0.087"/>
  <testcase name="renderToolPage[radix-nova]" classname="cc.nkbr.lanzouplus.ToolPagePreviewTest" time="0.071"/>
  <testcase name="renderToolPage[radix-legacy]" classname="cc.nkbr.lanzouplus.ToolPagePreviewTest" time="0.07"/>
  <testcase name="renderToolPage[radix-apple]" classname="cc.nkbr.lanzouplus.ToolPagePreviewTest" time="0.086"/>
  <testcase name="renderToolPage[compass-nova]" classname="cc.nkbr.lanzouplus.ToolPagePreviewTest" time="0.06"/>
  <testcase name="renderToolPage[compass-legacy]" classname="cc.nkbr.lanzouplus.ToolPagePreviewTest" time="0.059"/>
  <testcase name="renderToolPage[compass-apple]" classname="cc.nkbr.lanzouplus.ToolPagePreviewTest" time="0.071"/>
  <testcase name="renderToolPage[freqgen-nova]" classname="cc.nkbr.lanzouplus.ToolPagePreviewTest" time="0.09"/>
  <testcase name="renderToolPage[freqgen-legacy]" classname="cc.nkbr.lanzouplus.ToolPagePreviewTest" time="0.079"/>
  <testcase name="renderToolPage[freqgen-apple]" classname="cc.nkbr.lanzouplus.ToolPagePreviewTest" time="0.082"/>
  <testcase name="renderToolPage[picker-nova]" classname="cc.nkbr.lanzouplus.ToolPagePreviewTest" time="0.076"/>
  <testcase name="renderToolPage[picker-legacy]" classname="cc.nkbr.lanzouplus.ToolPagePreviewTest" time="0.092"/>
  <testcase name="renderToolPage[picker-apple]" classname="cc.nkbr.lanzouplus.ToolPagePreviewTest" time="0.075"/>
  <testcase name="renderToolPage[morse-nova]" classname="cc.nkbr.lanzouplus.ToolPagePreviewTest" time="0.081"/>
  <testcase name="renderToolPage[morse-legacy]" classname="cc.nkbr.lanzouplus.ToolPagePreviewTest" time="0.093"/>
  <testcase name="renderToolPage[morse-apple]" classname="cc.nkbr.lanzouplus.ToolPagePreviewTest" time="0.077"/>
  <system-out><![CDATA[]]></system-out>
  <system-err><![CDATA[]]></system-err>
</testsuite>
