<?xml version="1.0" encoding="UTF-8"?>
<testsuite name="cc.nkbr.lanzouplus.SupportPagePreviewTest" tests="6" skipped="0" failures="0" errors="0" timestamp="2026-09-10T23:19:44.299Z" hostname="DESKTOP-75F7671" time="0.685">
  <properties/>
  <testcase name="renderSupportPage[nova-support]" classname="cc.nkbr.lanzouplus.SupportPagePreviewTest" time="0.184"/>
  <testcase name="renderSupportPage[nova-thanks]" classname="cc.nkbr.lanzouplus.SupportPagePreviewTest" time="0.082"/>
  <testcase name="renderSupportPage[legacy-support]" classname="cc.nkbr.lanzouplus.SupportPagePreviewTest" time="0.142"/>
  <testcase name="renderSupportPage[legacy-thanks]" classname="cc.nkbr.lanzouplus.SupportPagePreviewTest" time="0.07"/>
  <testcase name="renderSupportPage[apple-support]" classname="cc.nkbr.lanzouplus.SupportPagePreviewTest" time="0.136"/>
  <testcase name="renderSupportPage[apple-thanks]" classname="cc.nkbr.lanzouplus.SupportPagePreviewTest" time="0.071"/>
  <system-out><![CDATA[]]></system-out>
  <system-err><![CDATA[]]></system-err>
</testsuite>
