<?xml version="1.0" encoding="UTF-8"?>
<testsuite name="cc.nkbr.lanzouplus.SupportPagePreviewTest" tests="4" skipped="0" failures="0" errors="0" timestamp="2026-09-12T09:07:36.489Z" hostname="DESKTOP-75F7671" time="0.495">
  <properties/>
  <testcase name="renderSupportPage[legacy-support]" classname="cc.nkbr.lanzouplus.SupportPagePreviewTest" time="0.202"/>
  <testcase name="renderSupportPage[legacy-thanks]" classname="cc.nkbr.lanzouplus.SupportPagePreviewTest" time="0.08"/>
  <testcase name="renderSupportPage[apple-support]" classname="cc.nkbr.lanzouplus.SupportPagePreviewTest" time="0.133"/>
  <testcase name="renderSupportPage[apple-thanks]" classname="cc.nkbr.lanzouplus.SupportPagePreviewTest" time="0.079"/>
  <system-out><![CDATA[]]></system-out>
  <system-err><![CDATA[]]></system-err>
</testsuite>
