<?xml version="1.0" encoding="UTF-8"?>
<testsuite name="cc.nkbr.lanzouplus.ToolPagePreviewTest" tests="72" skipped="0" failures="0" errors="0" timestamp="2026-09-12T09:07:36.994Z" hostname="DESKTOP-75F7671" time="6.49">
  <properties/>
  <testcase name="renderToolPage[__list__-legacy]" classname="cc.nkbr.lanzouplus.ToolPagePreviewTest" time="0.187"/>
  <testcase name="renderToolPage[__list__-apple]" classname="cc.nkbr.lanzouplus.ToolPagePreviewTest" time="0.168"/>
  <testcase name="renderToolPage[calculator-legacy]" classname="cc.nkbr.lanzouplus.ToolPagePreviewTest" time="0.118"/>
  <testcase name="renderToolPage[calculator-apple]" classname="cc.nkbr.lanzouplus.ToolPagePreviewTest" time="0.104"/>
  <testcase name="renderToolPage[unit-legacy]" classname="cc.nkbr.lanzouplus.ToolPagePreviewTest" time="0.112"/>
  <testcase name="renderToolPage[unit-apple]" classname="cc.nkbr.lanzouplus.ToolPagePreviewTest" time="0.118"/>
  <testcase name="renderToolPage[datecalc-legacy]" classname="cc.nkbr.lanzouplus.ToolPagePreviewTest" time="0.112"/>
  <testcase name="renderToolPage[datecalc-apple]" classname="cc.nkbr.lanzouplus.ToolPagePreviewTest" time="0.101"/>
  <testcase name="renderToolPage[decision-legacy]" classname="cc.nkbr.lanzouplus.ToolPagePreviewTest" time="0.094"/>
  <testcase name="renderToolPage[decision-apple]" classname="cc.nkbr.lanzouplus.ToolPagePreviewTest" time="0.087"/>
  <testcase name="renderToolPage[scorecard-legacy]" classname="cc.nkbr.lanzouplus.ToolPagePreviewTest" time="0.077"/>
  <testcase name="renderToolPage[scorecard-apple]" classname="cc.nkbr.lanzouplus.ToolPagePreviewTest" time="0.081"/>
  <testcase name="renderToolPage[calendar-legacy]" classname="cc.nkbr.lanzouplus.ToolPagePreviewTest" time="0.125"/>
  <testcase name="renderToolPage[calendar-apple]" classname="cc.nkbr.lanzouplus.ToolPagePreviewTest" time="0.116"/>
  <testcase name="renderToolPage[randomnum-legacy]" classname="cc.nkbr.lanzouplus.ToolPagePreviewTest" time="0.117"/>
  <testcase name="renderToolPage[randomnum-apple]" classname="cc.nkbr.lanzouplus.ToolPagePreviewTest" time="0.135"/>
  <testcase name="renderToolPage[text_stats-legacy]" classname="cc.nkbr.lanzouplus.ToolPagePreviewTest" time="0.096"/>
  <testcase name="renderToolPage[text_stats-apple]" classname="cc.nkbr.lanzouplus.ToolPagePreviewTest" time="0.086"/>
  <testcase name="renderToolPage[base64-legacy]" classname="cc.nkbr.lanzouplus.ToolPagePreviewTest" time="0.079"/>
  <testcase name="renderToolPage[base64-apple]" classname="cc.nkbr.lanzouplus.ToolPagePreviewTest" time="0.078"/>
  <testcase name="renderToolPage[url_codec-legacy]" classname="cc.nkbr.lanzouplus.ToolPagePreviewTest" time="0.082"/>
  <testcase name="renderToolPage[url_codec-apple]" classname="cc.nkbr.lanzouplus.ToolPagePreviewTest" time="0.075"/>
  <testcase name="renderToolPage[hash-legacy]" classname="cc.nkbr.lanzouplus.ToolPagePreviewTest" time="0.088"/>
  <testcase name="renderToolPage[hash-apple]" classname="cc.nkbr.lanzouplus.ToolPagePreviewTest" time="0.077"/>
  <testcase name="renderToolPage[json-legacy]" classname="cc.nkbr.lanzouplus.ToolPagePreviewTest" time="0.078"/>
  <testcase name="renderToolPage[json-apple]" classname="cc.nkbr.lanzouplus.ToolPagePreviewTest" time="0.083"/>
  <testcase name="renderToolPage[regex-legacy]" classname="cc.nkbr.lanzouplus.ToolPagePreviewTest" time="0.078"/>
  <testcase name="renderToolPage[regex-apple]" classname="cc.nkbr.lanzouplus.ToolPagePreviewTest" time="0.089"/>
  <testcase name="renderToolPage[password-legacy]" classname="cc.nkbr.lanzouplus.ToolPagePreviewTest" time="0.155"/>
  <testcase name="renderToolPage[password-apple]" classname="cc.nkbr.lanzouplus.ToolPagePreviewTest" time="0.105"/>
  <testcase name="renderToolPage[uuid-legacy]" classname="cc.nkbr.lanzouplus.ToolPagePreviewTest" time="0.067"/>
  <testcase name="renderToolPage[uuid-apple]" classname="cc.nkbr.lanzouplus.ToolPagePreviewTest" time="0.075"/>
  <testcase name="renderToolPage[img_compress-legacy]" classname="cc.nkbr.lanzouplus.ToolPagePreviewTest" time="0.078"/>
  <testcase name="renderToolPage[img_compress-apple]" classname="cc.nkbr.lanzouplus.ToolPagePreviewTest" time="0.076"/>
  <testcase name="renderToolPage[sketch-legacy]" classname="cc.nkbr.lanzouplus.ToolPagePreviewTest" time="0.068"/>
  <testcase name="renderToolPage[sketch-apple]" classname="cc.nkbr.lanzouplus.ToolPagePreviewTest" time="0.066"/>
  <testcase name="renderToolPage[deviceinfo-legacy]" classname="cc.nkbr.lanzouplus.ToolPagePreviewTest" time="0.161"/>
  <testcase name="renderToolPage[deviceinfo-apple]" classname="cc.nkbr.lanzouplus.ToolPagePreviewTest" time="0.136"/>
  <testcase name="renderToolPage[screen_test-legacy]" classname="cc.nkbr.lanzouplus.ToolPagePreviewTest" time="0.081"/>
  <testcase name="renderToolPage[screen_test-apple]" classname="cc.nkbr.lanzouplus.ToolPagePreviewTest" time="0.071"/>
  <testcase name="renderToolPage[ruler-legacy]" classname="cc.nkbr.lanzouplus.ToolPagePreviewTest" time="0.067"/>
  <testcase name="renderToolPage[ruler-apple]" classname="cc.nkbr.lanzouplus.ToolPagePreviewTest" time="0.066"/>
  <testcase name="renderToolPage[torch-legacy]" classname="cc.nkbr.lanzouplus.ToolPagePreviewTest" time="0.068"/>
  <testcase name="renderToolPage[torch-apple]" classname="cc.nkbr.lanzouplus.ToolPagePreviewTest" time="0.084"/>
  <testcase name="renderToolPage[noise-legacy]" classname="cc.nkbr.lanzouplus.ToolPagePreviewTest" time="0.077"/>
  <testcase name="renderToolPage[noise-apple]" classname="cc.nkbr.lanzouplus.ToolPagePreviewTest" time="0.072"/>
  <testcase name="renderToolPage[tts-legacy]" classname="cc.nkbr.lanzouplus.ToolPagePreviewTest" time="0.076"/>
  <testcase name="renderToolPage[tts-apple]" classname="cc.nkbr.lanzouplus.ToolPagePreviewTest" time="0.079"/>
  <testcase name="renderToolPage[zodiac-legacy]" classname="cc.nkbr.lanzouplus.ToolPagePreviewTest" time="0.073"/>
  <testcase name="renderToolPage[zodiac-apple]" classname="cc.nkbr.lanzouplus.ToolPagePreviewTest" time="0.068"/>
  <testcase name="renderToolPage[idcard-legacy]" classname="cc.nkbr.lanzouplus.ToolPagePreviewTest" time="0.087"/>
  <testcase name="renderToolPage[idcard-apple]" classname="cc.nkbr.lanzouplus.ToolPagePreviewTest" time="0.077"/>
  <testcase name="renderToolPage[agecalc-legacy]" classname="cc.nkbr.lanzouplus.ToolPagePreviewTest" time="0.072"/>
  <testcase name="renderToolPage[agecalc-apple]" classname="cc.nkbr.lanzouplus.ToolPagePreviewTest" time="0.084"/>
  <testcase name="renderToolPage[bmi-legacy]" classname="cc.nkbr.lanzouplus.ToolPagePreviewTest" time="0.081"/>
  <testcase name="renderToolPage[bmi-apple]" classname="cc.nkbr.lanzouplus.ToolPagePreviewTest" time="0.09"/>
  <testcase name="renderToolPage[level-legacy]" classname="cc.nkbr.lanzouplus.ToolPagePreviewTest" time="0.067"/>
  <testcase name="renderToolPage[level-apple]" classname="cc.nkbr.lanzouplus.ToolPagePreviewTest" time="0.065"/>
  <testcase name="renderToolPage[stopwatch-legacy]" classname="cc.nkbr.lanzouplus.ToolPagePreviewTest" time="0.08"/>
  <testcase name="renderToolPage[stopwatch-apple]" classname="cc.nkbr.lanzouplus.ToolPagePreviewTest" time="0.083"/>
  <testcase name="renderToolPage[timestamp-legacy]" classname="cc.nkbr.lanzouplus.ToolPagePreviewTest" time="0.084"/>
  <testcase name="renderToolPage[timestamp-apple]" classname="cc.nkbr.lanzouplus.ToolPagePreviewTest" time="0.076"/>
  <testcase name="renderToolPage[radix-legacy]" classname="cc.nkbr.lanzouplus.ToolPagePreviewTest" time="0.089"/>
  <testcase name="renderToolPage[radix-apple]" classname="cc.nkbr.lanzouplus.ToolPagePreviewTest" time="0.082"/>
  <testcase name="renderToolPage[compass-legacy]" classname="cc.nkbr.lanzouplus.ToolPagePreviewTest" time="0.067"/>
  <testcase name="renderToolPage[compass-apple]" classname="cc.nkbr.lanzouplus.ToolPagePreviewTest" time="0.073"/>
  <testcase name="renderToolPage[freqgen-legacy]" classname="cc.nkbr.lanzouplus.ToolPagePreviewTest" time="0.088"/>
  <testcase name="renderToolPage[freqgen-apple]" classname="cc.nkbr.lanzouplus.ToolPagePreviewTest" time="0.085"/>
  <testcase name="renderToolPage[picker-legacy]" classname="cc.nkbr.lanzouplus.ToolPagePreviewTest" time="0.088"/>
  <testcase name="renderToolPage[picker-apple]" classname="cc.nkbr.lanzouplus.ToolPagePreviewTest" time="0.089"/>
  <testcase name="renderToolPage[morse-legacy]" classname="cc.nkbr.lanzouplus.ToolPagePreviewTest" time="0.079"/>
  <testcase name="renderToolPage[morse-apple]" classname="cc.nkbr.lanzouplus.ToolPagePreviewTest" time="0.079"/>
  <system-out><![CDATA[]]></system-out>
  <system-err><![CDATA[]]></system-err>
</testsuite>
