<?xml version="1.0" encoding="UTF-8"?>
<testsuite name="cc.nkbr.lanzouplus.IntegrityPayButtonPreviewTest" tests="2" skipped="0" failures="0" errors="0" timestamp="2026-09-12T09:07:30.564Z" hostname="DESKTOP-75F7671" time="5.409">
  <properties/>
  <testcase name="renderPayStates[legacy]" classname="cc.nkbr.lanzouplus.IntegrityPayButtonPreviewTest" time="5.32"/>
  <testcase name="renderPayStates[apple]" classname="cc.nkbr.lanzouplus.IntegrityPayButtonPreviewTest" time="0.088"/>
  <system-out><![CDATA[]]></system-out>
  <system-err><![CDATA[WARNING: A Java agent has been loaded dynamically (C:\Users\Admin\.gradle\caches\8.14.3\transforms\5912ed9b8c6039edcc77258cb6d7ad7d\transformed\byte-buddy-agent-1.17.6.jar)
WARNING: If a serviceability tool is in use, please run with -XX:+EnableDynamicAgentLoading to hide this warning
WARNING: If a serviceability tool is not in use, please run with -Djdk.instrument.traceUsage for more information
WARNING: Dynamic loading of agents will be disallowed by default in a future release
9月 12, 2026 5:07:34 下午 app.cash.paparazzi.internal.PaparazziLogger logAndroidFramework
信息: SystemFonts [2]: Loading font config from C:\Users\Admin\.gradle\caches\8.14.3\transforms\a6b6e31fab7b919a4f1438623352aa96\transformed\layoutlib-runtime-15.2.3-win\data\fonts\fonts.xml
9月 12, 2026 5:07:34 下午 app.cash.paparazzi.internal.PaparazziLogger logAndroidFramework
信息: SystemFonts [2]: Loading font config from C:\Users\Admin\.gradle\caches\8.14.3\transforms\a6b6e31fab7b919a4f1438623352aa96\transformed\layoutlib-runtime-15.2.3-win\data\fonts\font_fallback.xml
9月 12, 2026 5:07:34 下午 app.cash.paparazzi.internal.PaparazziLogger logAndroidFramework
信息: java.exe [4]: Unable to find pattern file or unable to map it for am
]]></system-err>
</testsuite>
