<?xml version="1.0" encoding="UTF-8"?>
<testsuite name="cc.nkbr.lanzouplus.StopwatchDebugTest" tests="1" skipped="0" failures="0" errors="0" timestamp="2026-09-12T09:07:36.150Z" hostname="DESKTOP-75F7671" time="0.283">
  <properties/>
  <testcase name="dumpChildren" classname="cc.nkbr.lanzouplus.StopwatchDebugTest" time="0.283"/>
  <system-out><![CDATA[DFWX body children=6
DFWX child 0 TextView h=273 visible=true
DFWX child 1 View h=0 visible=true
DFWX child 2 EditText h=122 visible=true
DFWX child 3 View h=0 visible=true
DFWX child 4 LinearLayout h=132 visible=true
DFWX child 5 LinearLayout h=199 visible=false
]]></system-out>
  <system-err><![CDATA[]]></system-err>
</testsuite>
